d:\iti\iti_9_month\datastructure\project\21-01-2022\debug\pt project.bsc
d:\iti\iti_9_month\datastructure\project\21-01-2022\debug\vc143.pdb
d:\iti\iti_9_month\datastructure\project\21-01-2022\debug\vc143.idb
d:\iti\iti_9_month\datastructure\project\21-01-2022\debug\main.sbr
d:\iti\iti_9_month\datastructure\project\21-01-2022\debug\applicationmanager.sbr
d:\iti\iti_9_month\datastructure\project\21-01-2022\debug\gui.sbr
d:\iti\iti_9_month\datastructure\project\21-01-2022\debug\actionaddsquare.sbr
d:\iti\iti_9_month\datastructure\project\21-01-2022\debug\csquare.sbr
d:\iti\iti_9_month\datastructure\project\21-01-2022\debug\chex.sbr
d:\iti\iti_9_month\datastructure\project\21-01-2022\debug\cfigure.sbr
d:\iti\iti_9_month\datastructure\project\21-01-2022\debug\celps.sbr
d:\iti\iti_9_month\datastructure\project\21-01-2022\debug\windowinput.sbr
d:\iti\iti_9_month\datastructure\project\21-01-2022\debug\mousequeue.sbr
d:\iti\iti_9_month\datastructure\project\21-01-2022\debug\keyqueue.sbr
d:\iti\iti_9_month\datastructure\project\21-01-2022\debug\image.sbr
d:\iti\iti_9_month\datastructure\project\21-01-2022\debug\cmugraphics.sbr
d:\iti\iti_9_month\datastructure\project\21-01-2022\debug\auxil.sbr
d:\iti\iti_9_month\datastructure\project\21-01-2022\debug\actiondeleteitem.sbr
d:\iti\iti_9_month\datastructure\project\21-01-2022\debug\actionchangefillcolor.sbr
d:\iti\iti_9_month\datastructure\project\21-01-2022\debug\actionchangedrawcolor.sbr
d:\iti\iti_9_month\datastructure\project\21-01-2022\debug\actionaddhex.sbr
d:\iti\iti_9_month\datastructure\project\21-01-2022\debug\actionaddelps.sbr
d:\iti\iti_9_month\datastructure\project\21-01-2022\debug\actionaddelps.obj
d:\iti\iti_9_month\datastructure\project\21-01-2022\debug\actionaddhex.obj
d:\iti\iti_9_month\datastructure\project\21-01-2022\debug\actionchangedrawcolor.obj
d:\iti\iti_9_month\datastructure\project\21-01-2022\debug\actionchangefillcolor.obj
d:\iti\iti_9_month\datastructure\project\21-01-2022\debug\actiondeleteitem.obj
d:\iti\iti_9_month\datastructure\project\21-01-2022\debug\auxil.obj
d:\iti\iti_9_month\datastructure\project\21-01-2022\debug\cmugraphics.obj
d:\iti\iti_9_month\datastructure\project\21-01-2022\debug\image.obj
d:\iti\iti_9_month\datastructure\project\21-01-2022\debug\keyqueue.obj
d:\iti\iti_9_month\datastructure\project\21-01-2022\debug\mousequeue.obj
d:\iti\iti_9_month\datastructure\project\21-01-2022\debug\windowinput.obj
d:\iti\iti_9_month\datastructure\project\21-01-2022\debug\celps.obj
d:\iti\iti_9_month\datastructure\project\21-01-2022\debug\cfigure.obj
d:\iti\iti_9_month\datastructure\project\21-01-2022\debug\chex.obj
d:\iti\iti_9_month\datastructure\project\21-01-2022\debug\csquare.obj
d:\iti\iti_9_month\datastructure\project\21-01-2022\debug\actionaddsquare.obj
d:\iti\iti_9_month\datastructure\project\21-01-2022\debug\gui.obj
d:\iti\iti_9_month\datastructure\project\21-01-2022\debug\applicationmanager.obj
d:\iti\iti_9_month\datastructure\project\21-01-2022\debug\main.obj
d:\iti\iti_9_month\datastructure\project\21-01-2022\debug\jutils.sbr
d:\iti\iti_9_month\datastructure\project\21-01-2022\debug\jquant2.sbr
d:\iti\iti_9_month\datastructure\project\21-01-2022\debug\jquant1.sbr
d:\iti\iti_9_month\datastructure\project\21-01-2022\debug\jmemnobs.sbr
d:\iti\iti_9_month\datastructure\project\21-01-2022\debug\jmemmgr.sbr
d:\iti\iti_9_month\datastructure\project\21-01-2022\debug\jidctred.sbr
d:\iti\iti_9_month\datastructure\project\21-01-2022\debug\jidctint.sbr
d:\iti\iti_9_month\datastructure\project\21-01-2022\debug\jidctfst.sbr
d:\iti\iti_9_month\datastructure\project\21-01-2022\debug\jidctflt.sbr
d:\iti\iti_9_month\datastructure\project\21-01-2022\debug\jerror.sbr
d:\iti\iti_9_month\datastructure\project\21-01-2022\debug\jdtrans.sbr
d:\iti\iti_9_month\datastructure\project\21-01-2022\debug\jdsample.sbr
d:\iti\iti_9_month\datastructure\project\21-01-2022\debug\jdpostct.sbr
d:\iti\iti_9_month\datastructure\project\21-01-2022\debug\jdphuff.sbr
d:\iti\iti_9_month\datastructure\project\21-01-2022\debug\jdmerge.sbr
d:\iti\iti_9_month\datastructure\project\21-01-2022\debug\jdmaster.sbr
d:\iti\iti_9_month\datastructure\project\21-01-2022\debug\jdmarker.sbr
d:\iti\iti_9_month\datastructure\project\21-01-2022\debug\jdmainct.sbr
d:\iti\iti_9_month\datastructure\project\21-01-2022\debug\jdinput.sbr
d:\iti\iti_9_month\datastructure\project\21-01-2022\debug\jdhuff.sbr
d:\iti\iti_9_month\datastructure\project\21-01-2022\debug\jdhuff.obj
d:\iti\iti_9_month\datastructure\project\21-01-2022\debug\jdinput.obj
d:\iti\iti_9_month\datastructure\project\21-01-2022\debug\jdmainct.obj
d:\iti\iti_9_month\datastructure\project\21-01-2022\debug\jdmarker.obj
d:\iti\iti_9_month\datastructure\project\21-01-2022\debug\jdmaster.obj
d:\iti\iti_9_month\datastructure\project\21-01-2022\debug\jdmerge.obj
d:\iti\iti_9_month\datastructure\project\21-01-2022\debug\jdphuff.obj
d:\iti\iti_9_month\datastructure\project\21-01-2022\debug\jdpostct.obj
d:\iti\iti_9_month\datastructure\project\21-01-2022\debug\jdsample.obj
d:\iti\iti_9_month\datastructure\project\21-01-2022\debug\jdtrans.obj
d:\iti\iti_9_month\datastructure\project\21-01-2022\debug\jerror.obj
d:\iti\iti_9_month\datastructure\project\21-01-2022\debug\jidctflt.obj
d:\iti\iti_9_month\datastructure\project\21-01-2022\debug\jidctfst.obj
d:\iti\iti_9_month\datastructure\project\21-01-2022\debug\jidctint.obj
d:\iti\iti_9_month\datastructure\project\21-01-2022\debug\jidctred.obj
d:\iti\iti_9_month\datastructure\project\21-01-2022\debug\jmemmgr.obj
d:\iti\iti_9_month\datastructure\project\21-01-2022\debug\jmemnobs.obj
d:\iti\iti_9_month\datastructure\project\21-01-2022\debug\jquant1.obj
d:\iti\iti_9_month\datastructure\project\21-01-2022\debug\jquant2.obj
d:\iti\iti_9_month\datastructure\project\21-01-2022\debug\jutils.obj
d:\iti\iti_9_month\datastructure\project\21-01-2022\debug\jddctmgr.sbr
d:\iti\iti_9_month\datastructure\project\21-01-2022\debug\jdcolor.sbr
d:\iti\iti_9_month\datastructure\project\21-01-2022\debug\jdcoefct.sbr
d:\iti\iti_9_month\datastructure\project\21-01-2022\debug\jdatasrc.sbr
d:\iti\iti_9_month\datastructure\project\21-01-2022\debug\jdapistd.sbr
d:\iti\iti_9_month\datastructure\project\21-01-2022\debug\jdapimin.sbr
d:\iti\iti_9_month\datastructure\project\21-01-2022\debug\jcparam.sbr
d:\iti\iti_9_month\datastructure\project\21-01-2022\debug\jcomapi.sbr
d:\iti\iti_9_month\datastructure\project\21-01-2022\debug\jpegload.sbr
d:\iti\iti_9_month\datastructure\project\21-01-2022\debug\jpegload.obj
d:\iti\iti_9_month\datastructure\project\21-01-2022\debug\jcomapi.obj
d:\iti\iti_9_month\datastructure\project\21-01-2022\debug\jcparam.obj
d:\iti\iti_9_month\datastructure\project\21-01-2022\debug\jdapimin.obj
d:\iti\iti_9_month\datastructure\project\21-01-2022\debug\jdapistd.obj
d:\iti\iti_9_month\datastructure\project\21-01-2022\debug\jdatasrc.obj
d:\iti\iti_9_month\datastructure\project\21-01-2022\debug\jdcoefct.obj
d:\iti\iti_9_month\datastructure\project\21-01-2022\debug\jdcolor.obj
d:\iti\iti_9_month\datastructure\project\21-01-2022\debug\jddctmgr.obj
d:\iti\iti_9_month\datastructure\project\21-01-2022\debug\pt project.ilk
d:\iti\iti_9_month\datastructure\project\21-01-2022\debug\pt project.exe
d:\iti\iti_9_month\datastructure\project\21-01-2022\debug\pt project.pdb
d:\iti\iti_9_month\datastructure\project\21-01-2022\debug\pt project.tlog\bscmake.command.1.tlog
d:\iti\iti_9_month\datastructure\project\21-01-2022\debug\pt project.tlog\bscmake.read.1.tlog
d:\iti\iti_9_month\datastructure\project\21-01-2022\debug\pt project.tlog\bscmake.write.1.tlog
d:\iti\iti_9_month\datastructure\project\21-01-2022\debug\pt project.tlog\cl.command.1.tlog
d:\iti\iti_9_month\datastructure\project\21-01-2022\debug\pt project.tlog\cl.read.1.tlog
d:\iti\iti_9_month\datastructure\project\21-01-2022\debug\pt project.tlog\cl.write.1.tlog
d:\iti\iti_9_month\datastructure\project\21-01-2022\debug\pt project.tlog\link.command.1.tlog
d:\iti\iti_9_month\datastructure\project\21-01-2022\debug\pt project.tlog\link.read.1.tlog
d:\iti\iti_9_month\datastructure\project\21-01-2022\debug\pt project.tlog\link.write.1.tlog
